<?xml version="1.0" encoding="UTF-8"?>
<testsuite name="com.polarbookshop.catalogservice.domain.BookValidationTests" tests="8" skipped="0" failures="0" errors="0" timestamp="2022-08-17T11:07:36" hostname="Chriss-MBP-4.fios-router.home" time="0.024">
  <properties/>
  <testcase name="whenTitleIsNotDefinedThenValidationFails()" classname="com.polarbookshop.catalogservice.domain.BookValidationTests" time="0.016"/>
  <testcase name="whenAllFieldsCorrectThenValidationSucceeds()" classname="com.polarbookshop.catalogservice.domain.BookValidationTests" time="0.001"/>
  <testcase name="whenPriceDefinedButZeroThenValidationFails()" classname="com.polarbookshop.catalogservice.domain.BookValidationTests" time="0.001"/>
  <testcase name="whenIsbnNotDefinedThenValidationFails()" classname="com.polarbookshop.catalogservice.domain.BookValidationTests" time="0.003"/>
  <testcase name="whenPriceDefinedButNegativeThenValidationFails()" classname="com.polarbookshop.catalogservice.domain.BookValidationTests" time="0.001"/>
  <testcase name="whenPriceIsNotDefinedThenValidationFails()" classname="com.polarbookshop.catalogservice.domain.BookValidationTests" time="0.0"/>
  <testcase name="whenIsbnDefinedButIncorrectThenValidationFails()" classname="com.polarbookshop.catalogservice.domain.BookValidationTests" time="0.0"/>
  <testcase name="whenAuthorIsNotDefinedThenValidationFails()" classname="com.polarbookshop.catalogservice.domain.BookValidationTests" time="0.001"/>
  <system-out><![CDATA[]]></system-out>
  <system-err><![CDATA[]]></system-err>
</testsuite>
