<?xml version="1.0" encoding="UTF-8"?>
<testsuite name="com.polarbookshop.catalogservice.web.BookJsonTests" tests="2" skipped="0" failures="0" errors="0" timestamp="2022-08-17T11:07:37" hostname="Chriss-MBP-4.fios-router.home" time="0.061">
  <properties/>
  <testcase name="testSerialize()" classname="com.polarbookshop.catalogservice.web.BookJsonTests" time="0.029"/>
  <testcase name="testDeserialize()" classname="com.polarbookshop.catalogservice.web.BookJsonTests" time="0.03"/>
  <system-out><![CDATA[2022-08-17 07:07:37.313  INFO 1187 --- [    Test worker] o.s.b.t.a.j.JsonTestContextBootstrapper  : Neither @ContextConfiguration nor @ContextHierarchy found for test class [com.polarbookshop.catalogservice.web.BookJsonTests], using SpringBootContextLoader
2022-08-17 07:07:37.314  INFO 1187 --- [    Test worker] o.s.t.c.support.AbstractContextLoader    : Could not detect default resource locations for test class [com.polarbookshop.catalogservice.web.BookJsonTests]: no resource found for suffixes {-context.xml, Context.groovy}.
2022-08-17 07:07:37.315  INFO 1187 --- [    Test worker] t.c.s.AnnotationConfigContextLoaderUtils : Could not detect default configuration classes for test class [com.polarbookshop.catalogservice.web.BookJsonTests]: BookJsonTests does not declare any static, non-private, non-final, nested classes annotated with @Configuration.
2022-08-17 07:07:37.320  INFO 1187 --- [    Test worker] .b.t.c.SpringBootTestContextBootstrapper : Found @SpringBootConfiguration com.polarbookshop.catalogservice.CatalogServiceApplication for test class com.polarbookshop.catalogservice.web.BookJsonTests
2022-08-17 07:07:37.321  INFO 1187 --- [    Test worker] o.s.b.t.a.j.JsonTestContextBootstrapper  : Loaded default TestExecutionListener class names from location [META-INF/spring.factories]: [org.springframework.boot.test.autoconfigure.restdocs.RestDocsTestExecutionListener, org.springframework.boot.test.autoconfigure.web.client.MockRestServiceServerResetTestExecutionListener, org.springframework.boot.test.autoconfigure.web.servlet.MockMvcPrintOnlyOnFailureTestExecutionListener, org.springframework.boot.test.autoconfigure.web.servlet.WebDriverTestExecutionListener, org.springframework.boot.test.autoconfigure.webservices.client.MockWebServiceServerTestExecutionListener, org.springframework.boot.test.mock.mockito.MockitoTestExecutionListener, org.springframework.boot.test.mock.mockito.ResetMocksTestExecutionListener, org.springframework.test.context.web.ServletTestExecutionListener, org.springframework.test.context.support.DirtiesContextBeforeModesTestExecutionListener, org.springframework.test.context.event.ApplicationEventsTestExecutionListener, org.springframework.test.context.support.DependencyInjectionTestExecutionListener, org.springframework.test.context.support.DirtiesContextTestExecutionListener, org.springframework.test.context.transaction.TransactionalTestExecutionListener, org.springframework.test.context.jdbc.SqlScriptsTestExecutionListener, org.springframework.test.context.event.EventPublishingTestExecutionListener]
2022-08-17 07:07:37.323  INFO 1187 --- [    Test worker] o.s.b.t.a.j.JsonTestContextBootstrapper  : Using TestExecutionListeners: [org.springframework.test.context.web.ServletTestExecutionListener@618fb1, org.springframework.test.context.support.DirtiesContextBeforeModesTestExecutionListener@48751d8a, org.springframework.test.context.event.ApplicationEventsTestExecutionListener@471a9e8c, org.springframework.boot.test.mock.mockito.MockitoTestExecutionListener@40277077, org.springframework.boot.test.autoconfigure.SpringBootDependencyInjectionTestExecutionListener@4cb773c5, org.springframework.test.context.support.DirtiesContextTestExecutionListener@2c4eae94, org.springframework.test.context.event.EventPublishingTestExecutionListener@3f33bb6f, org.springframework.boot.test.autoconfigure.restdocs.RestDocsTestExecutionListener@446cc036, org.springframework.boot.test.autoconfigure.web.client.MockRestServiceServerResetTestExecutionListener@33b2ba25, org.springframework.boot.test.autoconfigure.web.servlet.MockMvcPrintOnlyOnFailureTestExecutionListener@6ad198c9, org.springframework.boot.test.autoconfigure.web.servlet.WebDriverTestExecutionListener@481bae3f, org.springframework.boot.test.autoconfigure.webservices.client.MockWebServiceServerTestExecutionListener@6a54aa7a, org.springframework.boot.test.mock.mockito.ResetMocksTestExecutionListener@4c114687]

  .   ____          _            __ _ _
 /\\ / ___'_ __ _ _(_)_ __  __ _ \ \ \ \
( ( )\___ | '_ | '_| | '_ \/ _` | \ \ \ \
 \\/  ___)| |_)| | | | | || (_| |  ) ) ) )
  '  |____| .__|_| |_|_| |_\__, | / / / /
 =========|_|==============|___/=/_/_/_/
 :: Spring Boot ::                (v2.7.0)

2022-08-17 07:07:37.347  INFO 1187 --- [    Test worker] c.p.catalogservice.web.BookJsonTests     : Starting BookJsonTests using Java 18.0.1 on Chriss-MBP-4.fios-router.home with PID 1187 (started by chrismathew in /Users/chrismathew/CHRIS-DEV/redhat-openshift/gitcourses/cloud-native-spring-in-action/Chapter03/03-end/catalog-service)
2022-08-17 07:07:37.347  INFO 1187 --- [    Test worker] c.p.catalogservice.web.BookJsonTests     : No active profile set, falling back to 1 default profile: "default"
2022-08-17 07:07:37.430  INFO 1187 --- [    Test worker] c.p.catalogservice.web.BookJsonTests     : Started BookJsonTests in 0.105 seconds (JVM running for 5.883)
]]></system-out>
  <system-err><![CDATA[]]></system-err>
</testsuite>
