<?xml version="1.0" encoding="UTF-8"?>
<testsuite name="com.polarbookshop.catalogservice.domain.BookServiceTest" tests="2" skipped="0" failures="0" errors="0" timestamp="2022-08-17T11:07:36" hostname="Chriss-MBP-4.fios-router.home" time="0.116">
  <properties/>
  <testcase name="whenBookToCreateAlreadyExistsThenThrows()" classname="com.polarbookshop.catalogservice.domain.BookServiceTest" time="0.114"/>
  <testcase name="whenBookToReadDoesNotExistThenThrows()" classname="com.polarbookshop.catalogservice.domain.BookServiceTest" time="0.002"/>
  <system-out><![CDATA[]]></system-out>
  <system-err><![CDATA[]]></system-err>
</testsuite>
