<?xml version="1.0" encoding="UTF-8"?>
<testsuite name="com.polarbookshop.catalogservice.web.BookControllerMvcTests" tests="1" skipped="0" failures="0" errors="0" timestamp="2022-08-17T11:07:37" hostname="Chriss-MBP-4.fios-router.home" time="0.024">
  <properties/>
  <testcase name="whenGetBookNotExistingThenShouldReturn404()" classname="com.polarbookshop.catalogservice.web.BookControllerMvcTests" time="0.024"/>
  <system-out><![CDATA[2022-08-17 07:07:36.785  INFO 1187 --- [    Test worker] .b.t.a.w.s.WebMvcTestContextBootstrapper : Neither @ContextConfiguration nor @ContextHierarchy found for test class [com.polarbookshop.catalogservice.web.BookControllerMvcTests], using SpringBootContextLoader
2022-08-17 07:07:36.785  INFO 1187 --- [    Test worker] o.s.t.c.support.AbstractContextLoader    : Could not detect default resource locations for test class [com.polarbookshop.catalogservice.web.BookControllerMvcTests]: no resource found for suffixes {-context.xml, Context.groovy}.
2022-08-17 07:07:36.786  INFO 1187 --- [    Test worker] t.c.s.AnnotationConfigContextLoaderUtils : Could not detect default configuration classes for test class [com.polarbookshop.catalogservice.web.BookControllerMvcTests]: BookControllerMvcTests does not declare any static, non-private, non-final, nested classes annotated with @Configuration.
2022-08-17 07:07:36.807  INFO 1187 --- [    Test worker] .b.t.c.SpringBootTestContextBootstrapper : Found @SpringBootConfiguration com.polarbookshop.catalogservice.CatalogServiceApplication for test class com.polarbookshop.catalogservice.web.BookControllerMvcTests
2022-08-17 07:07:36.808  INFO 1187 --- [    Test worker] .b.t.a.w.s.WebMvcTestContextBootstrapper : Loaded default TestExecutionListener class names from location [META-INF/spring.factories]: [org.springframework.boot.test.autoconfigure.restdocs.RestDocsTestExecutionListener, org.springframework.boot.test.autoconfigure.web.client.MockRestServiceServerResetTestExecutionListener, org.springframework.boot.test.autoconfigure.web.servlet.MockMvcPrintOnlyOnFailureTestExecutionListener, org.springframework.boot.test.autoconfigure.web.servlet.WebDriverTestExecutionListener, org.springframework.boot.test.autoconfigure.webservices.client.MockWebServiceServerTestExecutionListener, org.springframework.boot.test.mock.mockito.MockitoTestExecutionListener, org.springframework.boot.test.mock.mockito.ResetMocksTestExecutionListener, org.springframework.test.context.web.ServletTestExecutionListener, org.springframework.test.context.support.DirtiesContextBeforeModesTestExecutionListener, org.springframework.test.context.event.ApplicationEventsTestExecutionListener, org.springframework.test.context.support.DependencyInjectionTestExecutionListener, org.springframework.test.context.support.DirtiesContextTestExecutionListener, org.springframework.test.context.transaction.TransactionalTestExecutionListener, org.springframework.test.context.jdbc.SqlScriptsTestExecutionListener, org.springframework.test.context.event.EventPublishingTestExecutionListener]
2022-08-17 07:07:36.809  INFO 1187 --- [    Test worker] .b.t.a.w.s.WebMvcTestContextBootstrapper : Using TestExecutionListeners: [org.springframework.test.context.web.ServletTestExecutionListener@69944a90, org.springframework.test.context.support.DirtiesContextBeforeModesTestExecutionListener@1ed52f44, org.springframework.test.context.event.ApplicationEventsTestExecutionListener@771afdd5, org.springframework.boot.test.mock.mockito.MockitoTestExecutionListener@3abadb65, org.springframework.boot.test.autoconfigure.SpringBootDependencyInjectionTestExecutionListener@7131d668, org.springframework.test.context.support.DirtiesContextTestExecutionListener@46a97805, org.springframework.test.context.event.EventPublishingTestExecutionListener@667dd150, org.springframework.boot.test.autoconfigure.restdocs.RestDocsTestExecutionListener@af04f09, org.springframework.boot.test.autoconfigure.web.client.MockRestServiceServerResetTestExecutionListener@758d4aa9, org.springframework.boot.test.autoconfigure.web.servlet.MockMvcPrintOnlyOnFailureTestExecutionListener@78e97d4d, org.springframework.boot.test.autoconfigure.web.servlet.WebDriverTestExecutionListener@7096d451, org.springframework.boot.test.autoconfigure.webservices.client.MockWebServiceServerTestExecutionListener@7816454d, org.springframework.boot.test.mock.mockito.ResetMocksTestExecutionListener@67d180e4]

  .   ____          _            __ _ _
 /\\ / ___'_ __ _ _(_)_ __  __ _ \ \ \ \
( ( )\___ | '_ | '_| | '_ \/ _` | \ \ \ \
 \\/  ___)| |_)| | | | | || (_| |  ) ) ) )
  '  |____| .__|_| |_|_| |_\__, | / / / /
 =========|_|==============|___/=/_/_/_/
 :: Spring Boot ::                (v2.7.0)

2022-08-17 07:07:36.837  INFO 1187 --- [    Test worker] c.p.c.web.BookControllerMvcTests         : Starting BookControllerMvcTests using Java 18.0.1 on Chriss-MBP-4.fios-router.home with PID 1187 (started by chrismathew in /Users/chrismathew/CHRIS-DEV/redhat-openshift/gitcourses/cloud-native-spring-in-action/Chapter03/03-end/catalog-service)
2022-08-17 07:07:36.837  INFO 1187 --- [    Test worker] c.p.c.web.BookControllerMvcTests         : No active profile set, falling back to 1 default profile: "default"
2022-08-17 07:07:37.255  INFO 1187 --- [    Test worker] o.s.b.t.m.w.SpringBootMockServletContext : Initializing Spring TestDispatcherServlet ''
2022-08-17 07:07:37.256  INFO 1187 --- [    Test worker] o.s.t.web.servlet.TestDispatcherServlet  : Initializing Servlet ''
2022-08-17 07:07:37.256  INFO 1187 --- [    Test worker] o.s.t.web.servlet.TestDispatcherServlet  : Completed initialization in 0 ms
2022-08-17 07:07:37.282  INFO 1187 --- [    Test worker] c.p.c.web.BookControllerMvcTests         : Started BookControllerMvcTests in 0.468 seconds (JVM running for 5.735)
]]></system-out>
  <system-err><![CDATA[]]></system-err>
</testsuite>
